#-----------------------------------------------------------
# Vivado v2018.3 (64-bit)
# SW Build 2405991 on Thu Dec  6 23:38:27 MST 2018
# IP Build 2404404 on Fri Dec  7 01:43:56 MST 2018
# Start of session at: Mon Jan  8 16:54:13 2024
# Process ID: 14156
# Current directory: E:/2241016309
# Command line: vivado.exe -gui_launcher_event rodinguilauncherevent15308 E:\2241016309\2241016309.xpr
# Log file: E:/2241016309/vivado.log
# Journal file: E:/2241016309\vivado.jou
#-----------------------------------------------------------
start_gui
open_project E:/2241016309/2241016309.xpr
Scanning sources...
Finished scanning sources
INFO: [IP_Flow 19-234] Refreshing IP repositories
INFO: [IP_Flow 19-1704] No user IP repositories specified
INFO: [IP_Flow 19-2313] Loaded Vivado IP repository 'C:/Xilinx/Vivado/2018.3/data/ip'.
open_project: Time (s): cpu = 00:00:07 ; elapsed = 00:00:06 . Memory (MB): peak = 829.648 ; gain = 188.957
update_compile_order -fileset sources_1
exit
INFO: [Common 17-206] Exiting Vivado at Mon Jan  8 16:55:10 2024...
